<?xml version="1.0" encoding="UTF-8"?>
<coverage generated="1718216458733" clover="3.2.0">
  <project timestamp="1718216458733" name="All files">
    <metrics statements="53" coveredstatements="38" conditionals="32" coveredconditionals="15" methods="9" coveredmethods="7" elements="94" coveredelements="60" complexity="0" loc="53" ncloc="53" packages="1" files="2" classes="2"/>
    <file name="gameboard.js" path="/home/hello/repos/Battle-Ship/class/gameboard.js">
      <metrics statements="45" coveredstatements="32" conditionals="30" coveredconditionals="14" methods="6" coveredmethods="5"/>
      <line num="1" count="1" type="stmt"/>
      <line num="6" count="2" type="stmt"/>
      <line num="7" count="2" type="stmt"/>
      <line num="8" count="2" type="stmt"/>
      <line num="9" count="2" type="stmt"/>
      <line num="13" count="2" type="stmt"/>
      <line num="14" count="20" type="stmt"/>
      <line num="15" count="20" type="stmt"/>
      <line num="16" count="200" type="stmt"/>
      <line num="19" count="2" type="stmt"/>
      <line num="24" count="1" type="cond" truecount="1" falsecount="1"/>
      <line num="25" count="0" type="stmt"/>
      <line num="28" count="1" type="stmt"/>
      <line num="30" count="1" type="stmt"/>
      <line num="32" count="1" type="cond" truecount="1" falsecount="1"/>
      <line num="33" count="1" type="stmt"/>
      <line num="34" count="2" type="stmt"/>
      <line num="38" count="1" type="cond" truecount="1" falsecount="1"/>
      <line num="39" count="0" type="stmt"/>
      <line num="40" count="0" type="stmt"/>
      <line num="46" count="1" type="stmt"/>
      <line num="51" count="1" type="stmt"/>
      <line num="53" count="1" type="stmt"/>
      <line num="54" count="10" type="stmt"/>
      <line num="55" count="100" type="cond" truecount="4" falsecount="0"/>
      <line num="56" count="2" type="stmt"/>
      <line num="61" count="1" type="stmt"/>
      <line num="66" count="1" type="stmt"/>
      <line num="67" count="2" type="stmt"/>
      <line num="68" count="16" type="stmt"/>
      <line num="70" count="16" type="cond" truecount="5" falsecount="1"/>
      <line num="71" count="16" type="cond" truecount="2" falsecount="0"/>
      <line num="72" count="10" type="stmt"/>
      <line num="80" count="1" type="stmt"/>
      <line num="85" count="0" type="cond" truecount="0" falsecount="2"/>
      <line num="87" count="0" type="stmt"/>
      <line num="90" count="0" type="cond" truecount="0" falsecount="2"/>
      <line num="91" count="0" type="stmt"/>
      <line num="92" count="0" type="stmt"/>
      <line num="94" count="0" type="cond" truecount="0" falsecount="2"/>
      <line num="95" count="0" type="stmt"/>
      <line num="98" count="0" type="cond" truecount="0" falsecount="2"/>
      <line num="99" count="0" type="stmt"/>
      <line num="102" count="0" type="stmt"/>
      <line num="109" count="1" type="stmt"/>
    </file>
    <file name="ship.js" path="/home/hello/repos/Battle-Ship/class/ship.js">
      <metrics statements="8" coveredstatements="6" conditionals="2" coveredconditionals="1" methods="3" coveredmethods="2"/>
      <line num="3" count="2" type="stmt"/>
      <line num="4" count="2" type="stmt"/>
      <line num="5" count="2" type="stmt"/>
      <line num="9" count="2" type="stmt"/>
      <line num="11" count="2" type="cond" truecount="1" falsecount="1"/>
      <line num="12" count="0" type="stmt"/>
      <line num="17" count="0" type="stmt"/>
      <line num="22" count="1" type="stmt"/>
    </file>
  </project>
</coverage>
