{"/home/hello/repos/Battle-Ship/class/gameboard.js": {"path":"/home/hello/repos/Battle-Ship/class/gameboard.js","statementMap":{"0":{"start":{"line":1,"column":13},"end":{"line":1,"column":30}},"1":{"start":{"line":6,"column":8},"end":{"line":6,"column":26}},"2":{"start":{"line":7,"column":8},"end":{"line":7,"column":28}},"3":{"start":{"line":8,"column":8},"end":{"line":8,"column":23}},"4":{"start":{"line":9,"column":8},"end":{"line":9,"column":29}},"5":{"start":{"line":13,"column":8},"end":{"line":18,"column":9}},"6":{"start":{"line":13,"column":21},"end":{"line":13,"column":22}},"7":{"start":{"line":14,"column":12},"end":{"line":14,"column":30}},"8":{"start":{"line":15,"column":12},"end":{"line":17,"column":13}},"9":{"start":{"line":15,"column":25},"end":{"line":15,"column":26}},"10":{"start":{"line":16,"column":16},"end":{"line":16,"column":39}},"11":{"start":{"line":19,"column":8},"end":{"line":19,"column":25}},"12":{"start":{"line":24,"column":8},"end":{"line":26,"column":9}},"13":{"start":{"line":25,"column":12},"end":{"line":25,"column":18}},"14":{"start":{"line":28,"column":19},"end":{"line":28,"column":35}},"15":{"start":{"line":30,"column":8},"end":{"line":30,"column":30}},"16":{"start":{"line":32,"column":8},"end":{"line":36,"column":9}},"17":{"start":{"line":33,"column":12},"end":{"line":35,"column":13}},"18":{"start":{"line":33,"column":25},"end":{"line":33,"column":33}},"19":{"start":{"line":34,"column":16},"end":{"line":34,"column":46}},"20":{"start":{"line":38,"column":8},"end":{"line":42,"column":9}},"21":{"start":{"line":39,"column":12},"end":{"line":41,"column":13}},"22":{"start":{"line":39,"column":25},"end":{"line":39,"column":33}},"23":{"start":{"line":40,"column":16},"end":{"line":40,"column":46}},"24":{"start":{"line":46,"column":8},"end":{"line":46,"column":30}},"25":{"start":{"line":51,"column":21},"end":{"line":51,"column":23}},"26":{"start":{"line":53,"column":8},"end":{"line":59,"column":9}},"27":{"start":{"line":53,"column":21},"end":{"line":53,"column":22}},"28":{"start":{"line":54,"column":12},"end":{"line":58,"column":13}},"29":{"start":{"line":54,"column":25},"end":{"line":54,"column":26}},"30":{"start":{"line":55,"column":16},"end":{"line":57,"column":17}},"31":{"start":{"line":56,"column":20},"end":{"line":56,"column":38}},"32":{"start":{"line":61,"column":23},"end":{"line":64,"column":9}},"33":{"start":{"line":66,"column":8},"end":{"line":78,"column":10}},"34":{"start":{"line":67,"column":12},"end":{"line":77,"column":13}},"35":{"start":{"line":67,"column":25},"end":{"line":67,"column":26}},"36":{"start":{"line":68,"column":31},"end":{"line":68,"column":81}},"37":{"start":{"line":70,"column":16},"end":{"line":75,"column":17}},"38":{"start":{"line":71,"column":20},"end":{"line":73,"column":21}},"39":{"start":{"line":72,"column":24},"end":{"line":72,"column":66}},"40":{"start":{"line":80,"column":8},"end":{"line":80,"column":14}},"41":{"start":{"line":85,"column":8},"end":{"line":88,"column":9}},"42":{"start":{"line":87,"column":12},"end":{"line":87,"column":55}},"43":{"start":{"line":90,"column":8},"end":{"line":103,"column":9}},"44":{"start":{"line":91,"column":25},"end":{"line":91,"column":55}},"45":{"start":{"line":92,"column":12},"end":{"line":92,"column":22}},"46":{"start":{"line":94,"column":12},"end":{"line":96,"column":13}},"47":{"start":{"line":95,"column":16},"end":{"line":95,"column":38}},"48":{"start":{"line":98,"column":12},"end":{"line":100,"column":13}},"49":{"start":{"line":99,"column":16},"end":{"line":99,"column":42}},"50":{"start":{"line":102,"column":12},"end":{"line":102,"column":18}},"51":{"start":{"line":109,"column":0},"end":{"line":109,"column":26}}},"fnMap":{"0":{"name":"(anonymous_0)","decl":{"start":{"line":5,"column":4},"end":{"line":5,"column":5}},"loc":{"start":{"line":5,"column":31},"end":{"line":10,"column":5}},"line":5},"1":{"name":"(anonymous_1)","decl":{"start":{"line":12,"column":4},"end":{"line":12,"column":5}},"loc":{"start":{"line":12,"column":13},"end":{"line":20,"column":5}},"line":12},"2":{"name":"(anonymous_2)","decl":{"start":{"line":22,"column":4},"end":{"line":22,"column":5}},"loc":{"start":{"line":22,"column":54},"end":{"line":47,"column":5}},"line":22},"3":{"name":"(anonymous_3)","decl":{"start":{"line":49,"column":4},"end":{"line":49,"column":5}},"loc":{"start":{"line":49,"column":15},"end":{"line":81,"column":5}},"line":49},"4":{"name":"(anonymous_4)","decl":{"start":{"line":66,"column":23},"end":{"line":66,"column":24}},"loc":{"start":{"line":66,"column":32},"end":{"line":78,"column":9}},"line":66},"5":{"name":"(anonymous_5)","decl":{"start":{"line":83,"column":4},"end":{"line":83,"column":5}},"loc":{"start":{"line":83,"column":30},"end":{"line":105,"column":5}},"line":83}},"branchMap":{"0":{"loc":{"start":{"line":22,"column":10},"end":{"line":22,"column":20}},"type":"default-arg","locations":[{"start":{"line":22,"column":18},"end":{"line":22,"column":20}}],"line":22},"1":{"loc":{"start":{"line":22,"column":22},"end":{"line":22,"column":37}},"type":"default-arg","locations":[{"start":{"line":22,"column":31},"end":{"line":22,"column":37}}],"line":22},"2":{"loc":{"start":{"line":22,"column":39},"end":{"line":22,"column":52}},"type":"default-arg","locations":[{"start":{"line":22,"column":45},"end":{"line":22,"column":52}}],"line":22},"3":{"loc":{"start":{"line":24,"column":8},"end":{"line":26,"column":9}},"type":"if","locations":[{"start":{"line":24,"column":8},"end":{"line":26,"column":9}},{"start":{},"end":{}}],"line":24},"4":{"loc":{"start":{"line":32,"column":8},"end":{"line":36,"column":9}},"type":"if","locations":[{"start":{"line":32,"column":8},"end":{"line":36,"column":9}},{"start":{},"end":{}}],"line":32},"5":{"loc":{"start":{"line":38,"column":8},"end":{"line":42,"column":9}},"type":"if","locations":[{"start":{"line":38,"column":8},"end":{"line":42,"column":9}},{"start":{},"end":{}}],"line":38},"6":{"loc":{"start":{"line":55,"column":16},"end":{"line":57,"column":17}},"type":"if","locations":[{"start":{"line":55,"column":16},"end":{"line":57,"column":17}},{"start":{},"end":{}}],"line":55},"7":{"loc":{"start":{"line":55,"column":20},"end":{"line":55,"column":73}},"type":"binary-expr","locations":[{"start":{"line":55,"column":20},"end":{"line":55,"column":45}},{"start":{"line":55,"column":49},"end":{"line":55,"column":73}}],"line":55},"8":{"loc":{"start":{"line":70,"column":16},"end":{"line":75,"column":17}},"type":"if","locations":[{"start":{"line":70,"column":16},"end":{"line":75,"column":17}},{"start":{},"end":{}}],"line":70},"9":{"loc":{"start":{"line":70,"column":20},"end":{"line":70,"column":100}},"type":"binary-expr","locations":[{"start":{"line":70,"column":21},"end":{"line":70,"column":37}},{"start":{"line":70,"column":41},"end":{"line":70,"column":57}},{"start":{"line":70,"column":63},"end":{"line":70,"column":79}},{"start":{"line":70,"column":83},"end":{"line":70,"column":99}}],"line":70},"10":{"loc":{"start":{"line":71,"column":20},"end":{"line":73,"column":21}},"type":"if","locations":[{"start":{"line":71,"column":20},"end":{"line":73,"column":21}},{"start":{},"end":{}}],"line":71},"11":{"loc":{"start":{"line":83,"column":18},"end":{"line":83,"column":28}},"type":"default-arg","locations":[{"start":{"line":83,"column":26},"end":{"line":83,"column":28}}],"line":83},"12":{"loc":{"start":{"line":85,"column":8},"end":{"line":88,"column":9}},"type":"if","locations":[{"start":{"line":85,"column":8},"end":{"line":88,"column":9}},{"start":{},"end":{}}],"line":85},"13":{"loc":{"start":{"line":90,"column":8},"end":{"line":103,"column":9}},"type":"if","locations":[{"start":{"line":90,"column":8},"end":{"line":103,"column":9}},{"start":{},"end":{}}],"line":90},"14":{"loc":{"start":{"line":94,"column":12},"end":{"line":96,"column":13}},"type":"if","locations":[{"start":{"line":94,"column":12},"end":{"line":96,"column":13}},{"start":{},"end":{}}],"line":94},"15":{"loc":{"start":{"line":98,"column":12},"end":{"line":100,"column":13}},"type":"if","locations":[{"start":{"line":98,"column":12},"end":{"line":100,"column":13}},{"start":{},"end":{}}],"line":98}},"s":{"0":1,"1":2,"2":2,"3":2,"4":2,"5":2,"6":2,"7":20,"8":20,"9":20,"10":200,"11":2,"12":1,"13":0,"14":1,"15":1,"16":1,"17":1,"18":1,"19":2,"20":1,"21":0,"22":0,"23":0,"24":1,"25":1,"26":1,"27":1,"28":10,"29":10,"30":100,"31":2,"32":1,"33":1,"34":2,"35":2,"36":16,"37":16,"38":16,"39":10,"40":1,"41":0,"42":0,"43":0,"44":0,"45":0,"46":0,"47":0,"48":0,"49":0,"50":0,"51":1},"f":{"0":2,"1":2,"2":1,"3":1,"4":2,"5":0},"b":{"0":[0],"1":[0],"2":[0],"3":[0,1],"4":[1,0],"5":[0,1],"6":[2,98],"7":[100,2],"8":[16,0],"9":[16,16,16,16],"10":[10,6],"11":[0],"12":[0,0],"13":[0,0],"14":[0,0],"15":[0,0]},"_coverageSchema":"1a1c01bbd47fc00a2c39e90264f33305004495a9","hash":"89b57ca69987baa425a04f409f3cee77e8533199"}
,"/home/hello/repos/Battle-Ship/class/ship.js": {"path":"/home/hello/repos/Battle-Ship/class/ship.js","statementMap":{"0":{"start":{"line":3,"column":8},"end":{"line":3,"column":28}},"1":{"start":{"line":4,"column":8},"end":{"line":4,"column":23}},"2":{"start":{"line":5,"column":8},"end":{"line":5,"column":25}},"3":{"start":{"line":9,"column":8},"end":{"line":9,"column":24}},"4":{"start":{"line":11,"column":8},"end":{"line":13,"column":9}},"5":{"start":{"line":12,"column":12},"end":{"line":12,"column":32}},"6":{"start":{"line":17,"column":8},"end":{"line":17,"column":31}},"7":{"start":{"line":22,"column":0},"end":{"line":22,"column":21}}},"fnMap":{"0":{"name":"(anonymous_0)","decl":{"start":{"line":2,"column":4},"end":{"line":2,"column":5}},"loc":{"start":{"line":2,"column":24},"end":{"line":6,"column":5}},"line":2},"1":{"name":"(anonymous_1)","decl":{"start":{"line":8,"column":4},"end":{"line":8,"column":5}},"loc":{"start":{"line":8,"column":10},"end":{"line":14,"column":5}},"line":8},"2":{"name":"(anonymous_2)","decl":{"start":{"line":16,"column":4},"end":{"line":16,"column":5}},"loc":{"start":{"line":16,"column":13},"end":{"line":18,"column":5}},"line":16}},"branchMap":{"0":{"loc":{"start":{"line":11,"column":8},"end":{"line":13,"column":9}},"type":"if","locations":[{"start":{"line":11,"column":8},"end":{"line":13,"column":9}},{"start":{},"end":{}}],"line":11}},"s":{"0":2,"1":2,"2":2,"3":2,"4":2,"5":0,"6":0,"7":1},"f":{"0":2,"1":2,"2":0},"b":{"0":[0,2]},"_coverageSchema":"1a1c01bbd47fc00a2c39e90264f33305004495a9","hash":"2b4ba7c02aabe57d634723d99b8d5eb41ad58743"}
}
