TN:
SF:class/gameboard.js
FN:5,(anonymous_0)
FN:12,(anonymous_1)
FN:22,(anonymous_2)
FN:49,(anonymous_3)
FN:66,(anonymous_4)
FN:83,(anonymous_5)
FNF:6
FNH:5
FNDA:2,(anonymous_0)
FNDA:2,(anonymous_1)
FNDA:1,(anonymous_2)
FNDA:1,(anonymous_3)
FNDA:2,(anonymous_4)
FNDA:0,(anonymous_5)
DA:1,1
DA:6,2
DA:7,2
DA:8,2
DA:9,2
DA:13,2
DA:14,20
DA:15,20
DA:16,200
DA:19,2
DA:24,1
DA:25,0
DA:28,1
DA:30,1
DA:32,1
DA:33,1
DA:34,2
DA:38,1
DA:39,0
DA:40,0
DA:46,1
DA:51,1
DA:53,1
DA:54,10
DA:55,100
DA:56,2
DA:61,1
DA:66,1
DA:67,2
DA:68,16
DA:70,16
DA:71,16
DA:72,10
DA:80,1
DA:85,0
DA:87,0
DA:90,0
DA:91,0
DA:92,0
DA:94,0
DA:95,0
DA:98,0
DA:99,0
DA:102,0
DA:109,1
LF:45
LH:32
BRDA:22,0,0,0
BRDA:22,1,0,0
BRDA:22,2,0,0
BRDA:24,3,0,0
BRDA:24,3,1,1
BRDA:32,4,0,1
BRDA:32,4,1,0
BRDA:38,5,0,0
BRDA:38,5,1,1
BRDA:55,6,0,2
BRDA:55,6,1,98
BRDA:55,7,0,100
BRDA:55,7,1,2
BRDA:70,8,0,16
BRDA:70,8,1,0
BRDA:70,9,0,16
BRDA:70,9,1,16
BRDA:70,9,2,16
BRDA:70,9,3,16
BRDA:71,10,0,10
BRDA:71,10,1,6
BRDA:83,11,0,0
BRDA:85,12,0,0
BRDA:85,12,1,0
BRDA:90,13,0,0
BRDA:90,13,1,0
BRDA:94,14,0,0
BRDA:94,14,1,0
BRDA:98,15,0,0
BRDA:98,15,1,0
BRF:30
BRH:14
end_of_record
TN:
SF:class/ship.js
FN:2,(anonymous_0)
FN:8,(anonymous_1)
FN:16,(anonymous_2)
FNF:3
FNH:2
FNDA:2,(anonymous_0)
FNDA:2,(anonymous_1)
FNDA:0,(anonymous_2)
DA:3,2
DA:4,2
DA:5,2
DA:9,2
DA:11,2
DA:12,0
DA:17,0
DA:22,1
LF:8
LH:6
BRDA:11,0,0,0
BRDA:11,0,1,2
BRF:2
BRH:1
end_of_record
